<?xml version="1.0" encoding="UTF-8"?>
<testsuite xmlns:xsi="http://www.w3.org/2001/XMLSchema-instance" xsi:noNamespaceSchemaLocation="https://maven.apache.org/surefire/maven-surefire-plugin/xsd/surefire-test-report.xsd" name="online.goudan.test.RedisTest" time="3.644" tests="1" errors="1" skipped="0" failures="0">
  <properties>
    <property name="gopherProxySet" value="false"/>
    <property name="awt.toolkit" value="sun.lwawt.macosx.LWCToolkit"/>
    <property name="file.encoding.pkg" value="sun.io"/>
    <property name="java.specification.version" value="1.8"/>
    <property name="sun.cpu.isalist" value=""/>
    <property name="sun.jnu.encoding" value="UTF-8"/>
    <property name="java.class.path" value="/Users/Cary/IDEAProject/study-demo/springboot/springboot-01/target/test-classes:/Users/Cary/IDEAProject/study-demo/springboot/springboot-01/target/classes:/Users/Cary/repository/org/springframework/boot/spring-boot-starter-web/2.1.5.RELEASE/spring-boot-starter-web-2.1.5.RELEASE.jar:/Users/Cary/repository/org/springframework/boot/spring-boot-starter/2.1.5.RELEASE/spring-boot-starter-2.1.5.RELEASE.jar:/Users/Cary/repository/org/springframework/boot/spring-boot/2.1.5.RELEASE/spring-boot-2.1.5.RELEASE.jar:/Users/Cary/repository/org/springframework/boot/spring-boot-autoconfigure/2.1.5.RELEASE/spring-boot-autoconfigure-2.1.5.RELEASE.jar:/Users/Cary/repository/org/springframework/boot/spring-boot-starter-logging/2.1.5.RELEASE/spring-boot-starter-logging-2.1.5.RELEASE.jar:/Users/Cary/repository/ch/qos/logback/logback-classic/1.2.3/logback-classic-1.2.3.jar:/Users/Cary/repository/ch/qos/logback/logback-core/1.2.3/logback-core-1.2.3.jar:/Users/Cary/repository/org/apache/logging/log4j/log4j-to-slf4j/2.11.2/log4j-to-slf4j-2.11.2.jar:/Users/Cary/repository/org/apache/logging/log4j/log4j-api/2.11.2/log4j-api-2.11.2.jar:/Users/Cary/repository/org/slf4j/jul-to-slf4j/1.7.26/jul-to-slf4j-1.7.26.jar:/Users/Cary/repository/javax/annotation/javax.annotation-api/1.3.2/javax.annotation-api-1.3.2.jar:/Users/Cary/repository/org/yaml/snakeyaml/1.23/snakeyaml-1.23.jar:/Users/Cary/repository/org/springframework/boot/spring-boot-starter-json/2.1.5.RELEASE/spring-boot-starter-json-2.1.5.RELEASE.jar:/Users/Cary/repository/com/fasterxml/jackson/core/jackson-databind/2.9.8/jackson-databind-2.9.8.jar:/Users/Cary/repository/com/fasterxml/jackson/core/jackson-annotations/2.9.0/jackson-annotations-2.9.0.jar:/Users/Cary/repository/com/fasterxml/jackson/core/jackson-core/2.9.8/jackson-core-2.9.8.jar:/Users/Cary/repository/com/fasterxml/jackson/datatype/jackson-datatype-jdk8/2.9.8/jackson-datatype-jdk8-2.9.8.jar:/Users/Cary/repository/com/fasterxml/jackson/datatype/jackson-datatype-jsr310/2.9.8/jackson-datatype-jsr310-2.9.8.jar:/Users/Cary/repository/com/fasterxml/jackson/module/jackson-module-parameter-names/2.9.8/jackson-module-parameter-names-2.9.8.jar:/Users/Cary/repository/org/springframework/boot/spring-boot-starter-tomcat/2.1.5.RELEASE/spring-boot-starter-tomcat-2.1.5.RELEASE.jar:/Users/Cary/repository/org/apache/tomcat/embed/tomcat-embed-core/9.0.19/tomcat-embed-core-9.0.19.jar:/Users/Cary/repository/org/apache/tomcat/embed/tomcat-embed-el/9.0.19/tomcat-embed-el-9.0.19.jar:/Users/Cary/repository/org/apache/tomcat/embed/tomcat-embed-websocket/9.0.19/tomcat-embed-websocket-9.0.19.jar:/Users/Cary/repository/org/hibernate/validator/hibernate-validator/6.0.16.Final/hibernate-validator-6.0.16.Final.jar:/Users/Cary/repository/javax/validation/validation-api/2.0.1.Final/validation-api-2.0.1.Final.jar:/Users/Cary/repository/org/jboss/logging/jboss-logging/3.3.2.Final/jboss-logging-3.3.2.Final.jar:/Users/Cary/repository/com/fasterxml/classmate/1.4.0/classmate-1.4.0.jar:/Users/Cary/repository/org/springframework/spring-web/5.1.7.RELEASE/spring-web-5.1.7.RELEASE.jar:/Users/Cary/repository/org/springframework/spring-beans/5.1.7.RELEASE/spring-beans-5.1.7.RELEASE.jar:/Users/Cary/repository/org/springframework/spring-webmvc/5.1.7.RELEASE/spring-webmvc-5.1.7.RELEASE.jar:/Users/Cary/repository/org/springframework/spring-aop/5.1.7.RELEASE/spring-aop-5.1.7.RELEASE.jar:/Users/Cary/repository/org/springframework/spring-context/5.1.7.RELEASE/spring-context-5.1.7.RELEASE.jar:/Users/Cary/repository/org/springframework/spring-expression/5.1.7.RELEASE/spring-expression-5.1.7.RELEASE.jar:/Users/Cary/repository/tk/mybatis/mapper-spring-boot-starter/2.1.5/mapper-spring-boot-starter-2.1.5.jar:/Users/Cary/repository/org/mybatis/mybatis/3.4.6/mybatis-3.4.6.jar:/Users/Cary/repository/org/mybatis/mybatis-spring/1.3.2/mybatis-spring-1.3.2.jar:/Users/Cary/repository/tk/mybatis/mapper-core/1.1.5/mapper-core-1.1.5.jar:/Users/Cary/repository/javax/persistence/persistence-api/1.0/persistence-api-1.0.jar:/Users/Cary/repository/tk/mybatis/mapper-base/1.1.5/mapper-base-1.1.5.jar:/Users/Cary/repository/tk/mybatis/mapper-weekend/1.1.5/mapper-weekend-1.1.5.jar:/Users/Cary/repository/tk/mybatis/mapper-spring/1.1.5/mapper-spring-1.1.5.jar:/Users/Cary/repository/tk/mybatis/mapper-extra/1.1.5/mapper-extra-1.1.5.jar:/Users/Cary/repository/tk/mybatis/mapper-spring-boot-autoconfigure/2.1.5/mapper-spring-boot-autoconfigure-2.1.5.jar:/Users/Cary/repository/com/alibaba/druid/1.1.6/druid-1.1.6.jar:/Users/Cary/repository/org/projectlombok/lombok/1.18.8/lombok-1.18.8.jar:/Users/Cary/repository/org/springframework/boot/spring-boot-starter-jdbc/2.1.5.RELEASE/spring-boot-starter-jdbc-2.1.5.RELEASE.jar:/Users/Cary/repository/com/zaxxer/HikariCP/3.2.0/HikariCP-3.2.0.jar:/Users/Cary/repository/org/slf4j/slf4j-api/1.7.26/slf4j-api-1.7.26.jar:/Users/Cary/repository/org/springframework/spring-jdbc/5.1.7.RELEASE/spring-jdbc-5.1.7.RELEASE.jar:/Users/Cary/repository/org/springframework/spring-tx/5.1.7.RELEASE/spring-tx-5.1.7.RELEASE.jar:/Users/Cary/repository/org/springframework/boot/spring-boot-starter-test/2.1.5.RELEASE/spring-boot-starter-test-2.1.5.RELEASE.jar:/Users/Cary/repository/org/springframework/boot/spring-boot-test/2.1.5.RELEASE/spring-boot-test-2.1.5.RELEASE.jar:/Users/Cary/repository/org/springframework/boot/spring-boot-test-autoconfigure/2.1.5.RELEASE/spring-boot-test-autoconfigure-2.1.5.RELEASE.jar:/Users/Cary/repository/com/jayway/jsonpath/json-path/2.4.0/json-path-2.4.0.jar:/Users/Cary/repository/net/minidev/json-smart/2.3/json-smart-2.3.jar:/Users/Cary/repository/net/minidev/accessors-smart/1.2/accessors-smart-1.2.jar:/Users/Cary/repository/org/ow2/asm/asm/5.0.4/asm-5.0.4.jar:/Users/Cary/repository/junit/junit/4.12/junit-4.12.jar:/Users/Cary/repository/org/assertj/assertj-core/3.11.1/assertj-core-3.11.1.jar:/Users/Cary/repository/org/mockito/mockito-core/2.23.4/mockito-core-2.23.4.jar:/Users/Cary/repository/net/bytebuddy/byte-buddy/1.9.12/byte-buddy-1.9.12.jar:/Users/Cary/repository/net/bytebuddy/byte-buddy-agent/1.9.12/byte-buddy-agent-1.9.12.jar:/Users/Cary/repository/org/objenesis/objenesis/2.6/objenesis-2.6.jar:/Users/Cary/repository/org/hamcrest/hamcrest-core/1.3/hamcrest-core-1.3.jar:/Users/Cary/repository/org/hamcrest/hamcrest-library/1.3/hamcrest-library-1.3.jar:/Users/Cary/repository/org/skyscreamer/jsonassert/1.5.0/jsonassert-1.5.0.jar:/Users/Cary/repository/com/vaadin/external/google/android-json/0.0.20131108.vaadin1/android-json-0.0.20131108.vaadin1.jar:/Users/Cary/repository/org/springframework/spring-core/5.1.7.RELEASE/spring-core-5.1.7.RELEASE.jar:/Users/Cary/repository/org/springframework/spring-jcl/5.1.7.RELEASE/spring-jcl-5.1.7.RELEASE.jar:/Users/Cary/repository/org/springframework/spring-test/5.1.7.RELEASE/spring-test-5.1.7.RELEASE.jar:/Users/Cary/repository/org/xmlunit/xmlunit-core/2.6.2/xmlunit-core-2.6.2.jar:/Users/Cary/repository/org/springframework/boot/spring-boot-starter-data-redis/2.1.5.RELEASE/spring-boot-starter-data-redis-2.1.5.RELEASE.jar:/Users/Cary/repository/org/springframework/data/spring-data-redis/2.1.8.RELEASE/spring-data-redis-2.1.8.RELEASE.jar:/Users/Cary/repository/org/springframework/data/spring-data-keyvalue/2.1.8.RELEASE/spring-data-keyvalue-2.1.8.RELEASE.jar:/Users/Cary/repository/org/springframework/data/spring-data-commons/2.1.8.RELEASE/spring-data-commons-2.1.8.RELEASE.jar:/Users/Cary/repository/org/springframework/spring-oxm/5.1.7.RELEASE/spring-oxm-5.1.7.RELEASE.jar:/Users/Cary/repository/org/springframework/spring-context-support/5.1.7.RELEASE/spring-context-support-5.1.7.RELEASE.jar:/Users/Cary/repository/io/lettuce/lettuce-core/5.1.6.RELEASE/lettuce-core-5.1.6.RELEASE.jar:/Users/Cary/repository/io/netty/netty-common/4.1.36.Final/netty-common-4.1.36.Final.jar:/Users/Cary/repository/io/netty/netty-handler/4.1.36.Final/netty-handler-4.1.36.Final.jar:/Users/Cary/repository/io/netty/netty-buffer/4.1.36.Final/netty-buffer-4.1.36.Final.jar:/Users/Cary/repository/io/netty/netty-codec/4.1.36.Final/netty-codec-4.1.36.Final.jar:/Users/Cary/repository/io/netty/netty-transport/4.1.36.Final/netty-transport-4.1.36.Final.jar:/Users/Cary/repository/io/netty/netty-resolver/4.1.36.Final/netty-resolver-4.1.36.Final.jar:/Users/Cary/repository/io/projectreactor/reactor-core/3.2.9.RELEASE/reactor-core-3.2.9.RELEASE.jar:/Users/Cary/repository/org/reactivestreams/reactive-streams/1.0.2/reactive-streams-1.0.2.jar:/Users/Cary/repository/mysql/mysql-connector-java/5.1.46/mysql-connector-java-5.1.46.jar:/Users/Cary/repository/org/springframework/boot/spring-boot-configuration-processor/2.1.5.RELEASE/spring-boot-configuration-processor-2.1.5.RELEASE.jar:"/>
    <property name="java.vm.vendor" value="Oracle Corporation"/>
    <property name="sun.arch.data.model" value="64"/>
    <property name="java.vendor.url" value="http://java.oracle.com/"/>
    <property name="user.timezone" value=""/>
    <property name="java.vm.specification.version" value="1.8"/>
    <property name="os.name" value="Mac OS X"/>
    <property name="user.country" value="CN"/>
    <property name="sun.java.launcher" value="SUN_STANDARD"/>
    <property name="sun.boot.library.path" value="/Library/Java/JavaVirtualMachines/jdk1.8.0_251.jdk/Contents/Home/jre/lib"/>
    <property name="sun.java.command" value="/Users/Cary/IDEAProject/study-demo/springboot/springboot-01/target/surefire/surefirebooter8913004867091921828.jar /Users/Cary/IDEAProject/study-demo/springboot/springboot-01/target/surefire 2020-09-23T19-29-27_472-jvmRun1 surefire2638810974449417122tmp surefire_07252357484579398726tmp"/>
    <property name="surefire.test.class.path" value="/Users/Cary/IDEAProject/study-demo/springboot/springboot-01/target/test-classes:/Users/Cary/IDEAProject/study-demo/springboot/springboot-01/target/classes:/Users/Cary/repository/org/springframework/boot/spring-boot-starter-web/2.1.5.RELEASE/spring-boot-starter-web-2.1.5.RELEASE.jar:/Users/Cary/repository/org/springframework/boot/spring-boot-starter/2.1.5.RELEASE/spring-boot-starter-2.1.5.RELEASE.jar:/Users/Cary/repository/org/springframework/boot/spring-boot/2.1.5.RELEASE/spring-boot-2.1.5.RELEASE.jar:/Users/Cary/repository/org/springframework/boot/spring-boot-autoconfigure/2.1.5.RELEASE/spring-boot-autoconfigure-2.1.5.RELEASE.jar:/Users/Cary/repository/org/springframework/boot/spring-boot-starter-logging/2.1.5.RELEASE/spring-boot-starter-logging-2.1.5.RELEASE.jar:/Users/Cary/repository/ch/qos/logback/logback-classic/1.2.3/logback-classic-1.2.3.jar:/Users/Cary/repository/ch/qos/logback/logback-core/1.2.3/logback-core-1.2.3.jar:/Users/Cary/repository/org/apache/logging/log4j/log4j-to-slf4j/2.11.2/log4j-to-slf4j-2.11.2.jar:/Users/Cary/repository/org/apache/logging/log4j/log4j-api/2.11.2/log4j-api-2.11.2.jar:/Users/Cary/repository/org/slf4j/jul-to-slf4j/1.7.26/jul-to-slf4j-1.7.26.jar:/Users/Cary/repository/javax/annotation/javax.annotation-api/1.3.2/javax.annotation-api-1.3.2.jar:/Users/Cary/repository/org/yaml/snakeyaml/1.23/snakeyaml-1.23.jar:/Users/Cary/repository/org/springframework/boot/spring-boot-starter-json/2.1.5.RELEASE/spring-boot-starter-json-2.1.5.RELEASE.jar:/Users/Cary/repository/com/fasterxml/jackson/core/jackson-databind/2.9.8/jackson-databind-2.9.8.jar:/Users/Cary/repository/com/fasterxml/jackson/core/jackson-annotations/2.9.0/jackson-annotations-2.9.0.jar:/Users/Cary/repository/com/fasterxml/jackson/core/jackson-core/2.9.8/jackson-core-2.9.8.jar:/Users/Cary/repository/com/fasterxml/jackson/datatype/jackson-datatype-jdk8/2.9.8/jackson-datatype-jdk8-2.9.8.jar:/Users/Cary/repository/com/fasterxml/jackson/datatype/jackson-datatype-jsr310/2.9.8/jackson-datatype-jsr310-2.9.8.jar:/Users/Cary/repository/com/fasterxml/jackson/module/jackson-module-parameter-names/2.9.8/jackson-module-parameter-names-2.9.8.jar:/Users/Cary/repository/org/springframework/boot/spring-boot-starter-tomcat/2.1.5.RELEASE/spring-boot-starter-tomcat-2.1.5.RELEASE.jar:/Users/Cary/repository/org/apache/tomcat/embed/tomcat-embed-core/9.0.19/tomcat-embed-core-9.0.19.jar:/Users/Cary/repository/org/apache/tomcat/embed/tomcat-embed-el/9.0.19/tomcat-embed-el-9.0.19.jar:/Users/Cary/repository/org/apache/tomcat/embed/tomcat-embed-websocket/9.0.19/tomcat-embed-websocket-9.0.19.jar:/Users/Cary/repository/org/hibernate/validator/hibernate-validator/6.0.16.Final/hibernate-validator-6.0.16.Final.jar:/Users/Cary/repository/javax/validation/validation-api/2.0.1.Final/validation-api-2.0.1.Final.jar:/Users/Cary/repository/org/jboss/logging/jboss-logging/3.3.2.Final/jboss-logging-3.3.2.Final.jar:/Users/Cary/repository/com/fasterxml/classmate/1.4.0/classmate-1.4.0.jar:/Users/Cary/repository/org/springframework/spring-web/5.1.7.RELEASE/spring-web-5.1.7.RELEASE.jar:/Users/Cary/repository/org/springframework/spring-beans/5.1.7.RELEASE/spring-beans-5.1.7.RELEASE.jar:/Users/Cary/repository/org/springframework/spring-webmvc/5.1.7.RELEASE/spring-webmvc-5.1.7.RELEASE.jar:/Users/Cary/repository/org/springframework/spring-aop/5.1.7.RELEASE/spring-aop-5.1.7.RELEASE.jar:/Users/Cary/repository/org/springframework/spring-context/5.1.7.RELEASE/spring-context-5.1.7.RELEASE.jar:/Users/Cary/repository/org/springframework/spring-expression/5.1.7.RELEASE/spring-expression-5.1.7.RELEASE.jar:/Users/Cary/repository/tk/mybatis/mapper-spring-boot-starter/2.1.5/mapper-spring-boot-starter-2.1.5.jar:/Users/Cary/repository/org/mybatis/mybatis/3.4.6/mybatis-3.4.6.jar:/Users/Cary/repository/org/mybatis/mybatis-spring/1.3.2/mybatis-spring-1.3.2.jar:/Users/Cary/repository/tk/mybatis/mapper-core/1.1.5/mapper-core-1.1.5.jar:/Users/Cary/repository/javax/persistence/persistence-api/1.0/persistence-api-1.0.jar:/Users/Cary/repository/tk/mybatis/mapper-base/1.1.5/mapper-base-1.1.5.jar:/Users/Cary/repository/tk/mybatis/mapper-weekend/1.1.5/mapper-weekend-1.1.5.jar:/Users/Cary/repository/tk/mybatis/mapper-spring/1.1.5/mapper-spring-1.1.5.jar:/Users/Cary/repository/tk/mybatis/mapper-extra/1.1.5/mapper-extra-1.1.5.jar:/Users/Cary/repository/tk/mybatis/mapper-spring-boot-autoconfigure/2.1.5/mapper-spring-boot-autoconfigure-2.1.5.jar:/Users/Cary/repository/com/alibaba/druid/1.1.6/druid-1.1.6.jar:/Users/Cary/repository/org/projectlombok/lombok/1.18.8/lombok-1.18.8.jar:/Users/Cary/repository/org/springframework/boot/spring-boot-starter-jdbc/2.1.5.RELEASE/spring-boot-starter-jdbc-2.1.5.RELEASE.jar:/Users/Cary/repository/com/zaxxer/HikariCP/3.2.0/HikariCP-3.2.0.jar:/Users/Cary/repository/org/slf4j/slf4j-api/1.7.26/slf4j-api-1.7.26.jar:/Users/Cary/repository/org/springframework/spring-jdbc/5.1.7.RELEASE/spring-jdbc-5.1.7.RELEASE.jar:/Users/Cary/repository/org/springframework/spring-tx/5.1.7.RELEASE/spring-tx-5.1.7.RELEASE.jar:/Users/Cary/repository/org/springframework/boot/spring-boot-starter-test/2.1.5.RELEASE/spring-boot-starter-test-2.1.5.RELEASE.jar:/Users/Cary/repository/org/springframework/boot/spring-boot-test/2.1.5.RELEASE/spring-boot-test-2.1.5.RELEASE.jar:/Users/Cary/repository/org/springframework/boot/spring-boot-test-autoconfigure/2.1.5.RELEASE/spring-boot-test-autoconfigure-2.1.5.RELEASE.jar:/Users/Cary/repository/com/jayway/jsonpath/json-path/2.4.0/json-path-2.4.0.jar:/Users/Cary/repository/net/minidev/json-smart/2.3/json-smart-2.3.jar:/Users/Cary/repository/net/minidev/accessors-smart/1.2/accessors-smart-1.2.jar:/Users/Cary/repository/org/ow2/asm/asm/5.0.4/asm-5.0.4.jar:/Users/Cary/repository/junit/junit/4.12/junit-4.12.jar:/Users/Cary/repository/org/assertj/assertj-core/3.11.1/assertj-core-3.11.1.jar:/Users/Cary/repository/org/mockito/mockito-core/2.23.4/mockito-core-2.23.4.jar:/Users/Cary/repository/net/bytebuddy/byte-buddy/1.9.12/byte-buddy-1.9.12.jar:/Users/Cary/repository/net/bytebuddy/byte-buddy-agent/1.9.12/byte-buddy-agent-1.9.12.jar:/Users/Cary/repository/org/objenesis/objenesis/2.6/objenesis-2.6.jar:/Users/Cary/repository/org/hamcrest/hamcrest-core/1.3/hamcrest-core-1.3.jar:/Users/Cary/repository/org/hamcrest/hamcrest-library/1.3/hamcrest-library-1.3.jar:/Users/Cary/repository/org/skyscreamer/jsonassert/1.5.0/jsonassert-1.5.0.jar:/Users/Cary/repository/com/vaadin/external/google/android-json/0.0.20131108.vaadin1/android-json-0.0.20131108.vaadin1.jar:/Users/Cary/repository/org/springframework/spring-core/5.1.7.RELEASE/spring-core-5.1.7.RELEASE.jar:/Users/Cary/repository/org/springframework/spring-jcl/5.1.7.RELEASE/spring-jcl-5.1.7.RELEASE.jar:/Users/Cary/repository/org/springframework/spring-test/5.1.7.RELEASE/spring-test-5.1.7.RELEASE.jar:/Users/Cary/repository/org/xmlunit/xmlunit-core/2.6.2/xmlunit-core-2.6.2.jar:/Users/Cary/repository/org/springframework/boot/spring-boot-starter-data-redis/2.1.5.RELEASE/spring-boot-starter-data-redis-2.1.5.RELEASE.jar:/Users/Cary/repository/org/springframework/data/spring-data-redis/2.1.8.RELEASE/spring-data-redis-2.1.8.RELEASE.jar:/Users/Cary/repository/org/springframework/data/spring-data-keyvalue/2.1.8.RELEASE/spring-data-keyvalue-2.1.8.RELEASE.jar:/Users/Cary/repository/org/springframework/data/spring-data-commons/2.1.8.RELEASE/spring-data-commons-2.1.8.RELEASE.jar:/Users/Cary/repository/org/springframework/spring-oxm/5.1.7.RELEASE/spring-oxm-5.1.7.RELEASE.jar:/Users/Cary/repository/org/springframework/spring-context-support/5.1.7.RELEASE/spring-context-support-5.1.7.RELEASE.jar:/Users/Cary/repository/io/lettuce/lettuce-core/5.1.6.RELEASE/lettuce-core-5.1.6.RELEASE.jar:/Users/Cary/repository/io/netty/netty-common/4.1.36.Final/netty-common-4.1.36.Final.jar:/Users/Cary/repository/io/netty/netty-handler/4.1.36.Final/netty-handler-4.1.36.Final.jar:/Users/Cary/repository/io/netty/netty-buffer/4.1.36.Final/netty-buffer-4.1.36.Final.jar:/Users/Cary/repository/io/netty/netty-codec/4.1.36.Final/netty-codec-4.1.36.Final.jar:/Users/Cary/repository/io/netty/netty-transport/4.1.36.Final/netty-transport-4.1.36.Final.jar:/Users/Cary/repository/io/netty/netty-resolver/4.1.36.Final/netty-resolver-4.1.36.Final.jar:/Users/Cary/repository/io/projectreactor/reactor-core/3.2.9.RELEASE/reactor-core-3.2.9.RELEASE.jar:/Users/Cary/repository/org/reactivestreams/reactive-streams/1.0.2/reactive-streams-1.0.2.jar:/Users/Cary/repository/mysql/mysql-connector-java/5.1.46/mysql-connector-java-5.1.46.jar:/Users/Cary/repository/org/springframework/boot/spring-boot-configuration-processor/2.1.5.RELEASE/spring-boot-configuration-processor-2.1.5.RELEASE.jar:"/>
    <property name="sun.cpu.endian" value="little"/>
    <property name="user.home" value="/Users/Cary"/>
    <property name="user.language" value="zh"/>
    <property name="java.specification.vendor" value="Oracle Corporation"/>
    <property name="java.home" value="/Library/Java/JavaVirtualMachines/jdk1.8.0_251.jdk/Contents/Home/jre"/>
    <property name="basedir" value="/Users/Cary/IDEAProject/study-demo/springboot/springboot-01"/>
    <property name="file.separator" value="/"/>
    <property name="line.separator" value="&#10;"/>
    <property name="java.vm.specification.vendor" value="Oracle Corporation"/>
    <property name="java.specification.name" value="Java Platform API Specification"/>
    <property name="java.awt.graphicsenv" value="sun.awt.CGraphicsEnvironment"/>
    <property name="surefire.real.class.path" value="/Users/Cary/IDEAProject/study-demo/springboot/springboot-01/target/surefire/surefirebooter8913004867091921828.jar"/>
    <property name="sun.boot.class.path" value="/Library/Java/JavaVirtualMachines/jdk1.8.0_251.jdk/Contents/Home/jre/lib/resources.jar:/Library/Java/JavaVirtualMachines/jdk1.8.0_251.jdk/Contents/Home/jre/lib/rt.jar:/Library/Java/JavaVirtualMachines/jdk1.8.0_251.jdk/Contents/Home/jre/lib/sunrsasign.jar:/Library/Java/JavaVirtualMachines/jdk1.8.0_251.jdk/Contents/Home/jre/lib/jsse.jar:/Library/Java/JavaVirtualMachines/jdk1.8.0_251.jdk/Contents/Home/jre/lib/jce.jar:/Library/Java/JavaVirtualMachines/jdk1.8.0_251.jdk/Contents/Home/jre/lib/charsets.jar:/Library/Java/JavaVirtualMachines/jdk1.8.0_251.jdk/Contents/Home/jre/lib/jfr.jar:/Library/Java/JavaVirtualMachines/jdk1.8.0_251.jdk/Contents/Home/jre/classes"/>
    <property name="sun.management.compiler" value="HotSpot 64-Bit Tiered Compilers"/>
    <property name="java.runtime.version" value="1.8.0_251-b08"/>
    <property name="user.name" value="chenglongliu"/>
    <property name="path.separator" value=":"/>
    <property name="os.version" value="10.14.6"/>
    <property name="java.endorsed.dirs" value="/Library/Java/JavaVirtualMachines/jdk1.8.0_251.jdk/Contents/Home/jre/lib/endorsed"/>
    <property name="java.runtime.name" value="Java(TM) SE Runtime Environment"/>
    <property name="file.encoding" value="UTF-8"/>
    <property name="java.vm.name" value="Java HotSpot(TM) 64-Bit Server VM"/>
    <property name="localRepository" value="/Users/Cary/repository"/>
    <property name="java.vendor.url.bug" value="http://bugreport.sun.com/bugreport/"/>
    <property name="java.io.tmpdir" value="/var/folders/6s/bfbdpjbd7zj7j2mf_z81753m0000gn/T/"/>
    <property name="idea.version" value="2020.2.2"/>
    <property name="java.version" value="1.8.0_251"/>
    <property name="user.dir" value="/Users/Cary/IDEAProject/study-demo/springboot/springboot-01"/>
    <property name="os.arch" value="x86_64"/>
    <property name="java.vm.specification.name" value="Java Virtual Machine Specification"/>
    <property name="java.awt.printerjob" value="sun.lwawt.macosx.CPrinterJob"/>
    <property name="sun.os.patch.level" value="unknown"/>
    <property name="java.library.path" value="/Users/Cary/Library/Java/Extensions:/Library/Java/Extensions:/Network/Library/Java/Extensions:/System/Library/Java/Extensions:/usr/lib/java:."/>
    <property name="java.vm.info" value="mixed mode"/>
    <property name="java.vendor" value="Oracle Corporation"/>
    <property name="java.vm.version" value="25.251-b08"/>
    <property name="java.ext.dirs" value="/Users/Cary/Library/Java/Extensions:/Library/Java/JavaVirtualMachines/jdk1.8.0_251.jdk/Contents/Home/jre/lib/ext:/Library/Java/Extensions:/Network/Library/Java/Extensions:/System/Library/Java/Extensions:/usr/lib/java"/>
    <property name="sun.io.unicode.encoding" value="UnicodeBig"/>
    <property name="maven.repo.local" value="/Users/Cary/repository"/>
    <property name="java.class.version" value="52.0"/>
  </properties>
  <testcase name="test01" classname="online.goudan.test.RedisTest" time="0.348">
    <error message="Unable to connect to Redis; nested exception is io.lettuce.core.RedisConnectionException: Unable to connect to localhost:6379" type="org.springframework.data.redis.RedisConnectionFailureException">org.springframework.data.redis.RedisConnectionFailureException: Unable to connect to Redis; nested exception is io.lettuce.core.RedisConnectionException: Unable to connect to localhost:6379
	at online.goudan.test.RedisTest.test01(RedisTest.java:29)
Caused by: io.lettuce.core.RedisConnectionException: Unable to connect to localhost:6379
	at online.goudan.test.RedisTest.test01(RedisTest.java:29)
Caused by: io.netty.channel.AbstractChannel$AnnotatedConnectException: Connection refused: localhost/127.0.0.1:6379
Caused by: java.net.ConnectException: Connection refused
</error>
    <system-out><![CDATA[19:29:28.149 [main] DEBUG org.springframework.test.context.junit4.SpringJUnit4ClassRunner - SpringJUnit4ClassRunner constructor called with [class online.goudan.test.RedisTest]
19:29:28.154 [main] DEBUG org.springframework.test.context.BootstrapUtils - Instantiating CacheAwareContextLoaderDelegate from class [org.springframework.test.context.cache.DefaultCacheAwareContextLoaderDelegate]
19:29:28.161 [main] DEBUG org.springframework.test.context.BootstrapUtils - Instantiating BootstrapContext using constructor [public org.springframework.test.context.support.DefaultBootstrapContext(java.lang.Class,org.springframework.test.context.CacheAwareContextLoaderDelegate)]
19:29:28.178 [main] DEBUG org.springframework.test.context.BootstrapUtils - Instantiating TestContextBootstrapper for test class [online.goudan.test.RedisTest] from class [org.springframework.boot.test.context.SpringBootTestContextBootstrapper]
19:29:28.189 [main] INFO org.springframework.boot.test.context.SpringBootTestContextBootstrapper - Neither @ContextConfiguration nor @ContextHierarchy found for test class [online.goudan.test.RedisTest], using SpringBootContextLoader
19:29:28.193 [main] DEBUG org.springframework.test.context.support.AbstractContextLoader - Did not detect default resource location for test class [online.goudan.test.RedisTest]: class path resource [online/goudan/test/RedisTest-context.xml] does not exist
19:29:28.194 [main] DEBUG org.springframework.test.context.support.AbstractContextLoader - Did not detect default resource location for test class [online.goudan.test.RedisTest]: class path resource [online/goudan/test/RedisTestContext.groovy] does not exist
19:29:28.194 [main] INFO org.springframework.test.context.support.AbstractContextLoader - Could not detect default resource locations for test class [online.goudan.test.RedisTest]: no resource found for suffixes {-context.xml, Context.groovy}.
19:29:28.195 [main] INFO org.springframework.test.context.support.AnnotationConfigContextLoaderUtils - Could not detect default configuration classes for test class [online.goudan.test.RedisTest]: RedisTest does not declare any static, non-private, non-final, nested classes annotated with @Configuration.
19:29:28.250 [main] DEBUG org.springframework.test.context.support.ActiveProfilesUtils - Could not find an 'annotation declaring class' for annotation type [org.springframework.test.context.ActiveProfiles] and class [online.goudan.test.RedisTest]
19:29:28.362 [main] DEBUG org.springframework.context.annotation.ClassPathScanningCandidateComponentProvider - Identified candidate component class: file [/Users/Cary/IDEAProject/study-demo/springboot/springboot-01/target/classes/online/goudan/Application.class]
19:29:28.364 [main] INFO org.springframework.boot.test.context.SpringBootTestContextBootstrapper - Found @SpringBootConfiguration online.goudan.Application for test class online.goudan.test.RedisTest
19:29:28.444 [main] DEBUG org.springframework.boot.test.context.SpringBootTestContextBootstrapper - @TestExecutionListeners is not present for class [online.goudan.test.RedisTest]: using defaults.
19:29:28.445 [main] INFO org.springframework.boot.test.context.SpringBootTestContextBootstrapper - Loaded default TestExecutionListener class names from location [META-INF/spring.factories]: [org.springframework.boot.test.mock.mockito.MockitoTestExecutionListener, org.springframework.boot.test.mock.mockito.ResetMocksTestExecutionListener, org.springframework.boot.test.autoconfigure.restdocs.RestDocsTestExecutionListener, org.springframework.boot.test.autoconfigure.web.client.MockRestServiceServerResetTestExecutionListener, org.springframework.boot.test.autoconfigure.web.servlet.MockMvcPrintOnlyOnFailureTestExecutionListener, org.springframework.boot.test.autoconfigure.web.servlet.WebDriverTestExecutionListener, org.springframework.test.context.web.ServletTestExecutionListener, org.springframework.test.context.support.DirtiesContextBeforeModesTestExecutionListener, org.springframework.test.context.support.DependencyInjectionTestExecutionListener, org.springframework.test.context.support.DirtiesContextTestExecutionListener, org.springframework.test.context.transaction.TransactionalTestExecutionListener, org.springframework.test.context.jdbc.SqlScriptsTestExecutionListener]
19:29:28.459 [main] INFO org.springframework.boot.test.context.SpringBootTestContextBootstrapper - Using TestExecutionListeners: [org.springframework.test.context.web.ServletTestExecutionListener@7b9a4292, org.springframework.test.context.support.DirtiesContextBeforeModesTestExecutionListener@4a94ee4, org.springframework.boot.test.mock.mockito.MockitoTestExecutionListener@4cc451f2, org.springframework.boot.test.autoconfigure.SpringBootDependencyInjectionTestExecutionListener@6379eb, org.springframework.test.context.support.DirtiesContextTestExecutionListener@294425a7, org.springframework.test.context.transaction.TransactionalTestExecutionListener@67d48005, org.springframework.test.context.jdbc.SqlScriptsTestExecutionListener@9f116cc, org.springframework.boot.test.mock.mockito.ResetMocksTestExecutionListener@12468a38, org.springframework.boot.test.autoconfigure.restdocs.RestDocsTestExecutionListener@1aa7ecca, org.springframework.boot.test.autoconfigure.web.client.MockRestServiceServerResetTestExecutionListener@59309333, org.springframework.boot.test.autoconfigure.web.servlet.MockMvcPrintOnlyOnFailureTestExecutionListener@5876a9af, org.springframework.boot.test.autoconfigure.web.servlet.WebDriverTestExecutionListener@7ec7ffd3]
19:29:28.461 [main] DEBUG org.springframework.test.annotation.ProfileValueUtils - Retrieved @ProfileValueSourceConfiguration [null] for test class [online.goudan.test.RedisTest]
19:29:28.462 [main] DEBUG org.springframework.test.annotation.ProfileValueUtils - Retrieved ProfileValueSource type [class org.springframework.test.annotation.SystemProfileValueSource] for class [online.goudan.test.RedisTest]
19:29:28.464 [main] DEBUG org.springframework.test.annotation.ProfileValueUtils - Retrieved @ProfileValueSourceConfiguration [null] for test class [online.goudan.test.RedisTest]
19:29:28.464 [main] DEBUG org.springframework.test.annotation.ProfileValueUtils - Retrieved ProfileValueSource type [class org.springframework.test.annotation.SystemProfileValueSource] for class [online.goudan.test.RedisTest]
19:29:28.465 [main] DEBUG org.springframework.test.annotation.ProfileValueUtils - Retrieved @ProfileValueSourceConfiguration [null] for test class [online.goudan.test.RedisTest]
19:29:28.465 [main] DEBUG org.springframework.test.annotation.ProfileValueUtils - Retrieved ProfileValueSource type [class org.springframework.test.annotation.SystemProfileValueSource] for class [online.goudan.test.RedisTest]
19:29:28.469 [main] DEBUG org.springframework.test.context.support.AbstractDirtiesContextTestExecutionListener - Before test class: context [DefaultTestContext@3febb011 testClass = RedisTest, testInstance = [null], testMethod = [null], testException = [null], mergedContextConfiguration = [WebMergedContextConfiguration@10e31a9a testClass = RedisTest, locations = '{}', classes = '{class online.goudan.Application}', contextInitializerClasses = '[]', activeProfiles = '{}', propertySourceLocations = '{}', propertySourceProperties = '{org.springframework.boot.test.context.SpringBootTestContextBootstrapper=true}', contextCustomizers = set[org.springframework.boot.test.context.filter.ExcludeFilterContextCustomizer@4d50efb8, org.springframework.boot.test.json.DuplicateJsonObjectContextCustomizerFactory$DuplicateJsonObjectContextCustomizer@307f6b8c, org.springframework.boot.test.mock.mockito.MockitoContextCustomizer@0, org.springframework.boot.test.web.client.TestRestTemplateContextCustomizer@7ce6a65d, org.springframework.boot.test.autoconfigure.properties.PropertyMappingContextCustomizer@0, org.springframework.boot.test.autoconfigure.web.servlet.WebDriverContextCustomizerFactory$Customizer@7a3d45bd], resourceBasePath = 'src/main/webapp', contextLoader = 'org.springframework.boot.test.context.SpringBootContextLoader', parent = [null]], attributes = map['org.springframework.test.context.web.ServletTestExecutionListener.activateListener' -> true]], class annotated with @DirtiesContext [false] with mode [null].
19:29:28.469 [main] DEBUG org.springframework.test.annotation.ProfileValueUtils - Retrieved @ProfileValueSourceConfiguration [null] for test class [online.goudan.test.RedisTest]
19:29:28.469 [main] DEBUG org.springframework.test.annotation.ProfileValueUtils - Retrieved ProfileValueSource type [class org.springframework.test.annotation.SystemProfileValueSource] for class [online.goudan.test.RedisTest]
19:29:28.485 [main] DEBUG org.springframework.test.context.support.TestPropertySourceUtils - Adding inlined properties to environment: {spring.jmx.enabled=false, org.springframework.boot.test.context.SpringBootTestContextBootstrapper=true, server.port=-1}

  .   ____          _            __ _ _
 /\\ / ___'_ __ _ _(_)_ __  __ _ \ \ \ \
( ( )\___ | '_ | '_| | '_ \/ _` | \ \ \ \
 \\/  ___)| |_)| | | | | || (_| |  ) ) ) )
  '  |____| .__|_| |_|_| |_\__, | / / / /
 =========|_|==============|___/=/_/_/_/
 :: Spring Boot ::        (v2.1.5.RELEASE)

2020-09-23 19:29:28.747  INFO 14135 --- [           main] online.goudan.test.RedisTest             : Starting RedisTest on goudan.local with PID 14135 (started by chenglongliu in /Users/Cary/IDEAProject/study-demo/springboot/springboot-01)
2020-09-23 19:29:28.748 DEBUG 14135 --- [           main] online.goudan.test.RedisTest             : Running with Spring Boot v2.1.5.RELEASE, Spring v5.1.7.RELEASE
2020-09-23 19:29:28.748  INFO 14135 --- [           main] online.goudan.test.RedisTest             : The following profiles are active: 123,abc
2020-09-23 19:29:29.293  INFO 14135 --- [           main] .s.d.r.c.RepositoryConfigurationDelegate : Multiple Spring Data modules found, entering strict repository configuration mode!
2020-09-23 19:29:29.296  INFO 14135 --- [           main] .s.d.r.c.RepositoryConfigurationDelegate : Bootstrapping Spring Data repositories in DEFAULT mode.
2020-09-23 19:29:29.330  INFO 14135 --- [           main] .s.d.r.c.RepositoryConfigurationDelegate : Finished Spring Data repository scanning in 22ms. Found 0 repository interfaces.
2020-09-23 19:29:29.687  INFO 14135 --- [           main] trationDelegate$BeanPostProcessorChecker : Bean 'org.springframework.transaction.annotation.ProxyTransactionManagementConfiguration' of type [org.springframework.transaction.annotation.ProxyTransactionManagementConfiguration$$EnhancerBySpringCGLIB$$65ccf12] is not eligible for getting processed by all BeanPostProcessors (for example: not eligible for auto-proxying)
Logging initialized using 'class org.apache.ibatis.logging.stdout.StdOutImpl' adapter.
Using VFS adapter tk.mybatis.mapper.autoconfigure.SpringBootVFS
Checking to see if class online.goudan.pojo.TbUser matches criteria [is assignable to Object]
Scanned package: 'online.goudan.pojo' for aliases
Property 'mapperLocations' was not specified or no matching resources found
2020-09-23 19:29:30.603  INFO 14135 --- [           main] o.s.s.concurrent.ThreadPoolTaskExecutor  : Initializing ExecutorService 'applicationTaskExecutor'
2020-09-23 19:29:31.283  INFO 14135 --- [           main] t.m.m.autoconfigure.MapperCacheDisabler  : Clear tk.mybatis.mapper.util.MsUtil CLASS_CACHE cache.
2020-09-23 19:29:31.283  INFO 14135 --- [           main] t.m.m.autoconfigure.MapperCacheDisabler  : Clear tk.mybatis.mapper.genid.GenIdUtil CACHE cache.
2020-09-23 19:29:31.284  INFO 14135 --- [           main] t.m.m.autoconfigure.MapperCacheDisabler  : Clear tk.mybatis.mapper.version.VersionUtil CACHE cache.
2020-09-23 19:29:31.284  INFO 14135 --- [           main] t.m.m.autoconfigure.MapperCacheDisabler  : Clear EntityHelper entityTableMap cache.
2020-09-23 19:29:31.303  INFO 14135 --- [           main] online.goudan.test.RedisTest             : Started RedisTest in 2.81 seconds (JVM running for 3.505)
2020-09-23 19:29:31.541  INFO 14135 --- [           main] io.lettuce.core.EpollProvider            : Starting without optional epoll library
2020-09-23 19:29:31.542  INFO 14135 --- [           main] io.lettuce.core.KqueueProvider           : Starting without optional kqueue library
]]></system-out>
  </testcase>
</testsuite>