<?xml version="1.0" encoding="UTF-8"?>
<testsuite xmlns:xsi="http://www.w3.org/2001/XMLSchema-instance" xsi:noNamespaceSchemaLocation="https://maven.apache.org/surefire/maven-surefire-plugin/xsd/surefire-test-report.xsd" name="online.goudan.test.UserServiceTest" time="0.714" tests="2" errors="1" skipped="0" failures="0">
  <properties>
    <property name="gopherProxySet" value="false"/>
    <property name="awt.toolkit" value="sun.lwawt.macosx.LWCToolkit"/>
    <property name="file.encoding.pkg" value="sun.io"/>
    <property name="java.specification.version" value="1.8"/>
    <property name="sun.cpu.isalist" value=""/>
    <property name="sun.jnu.encoding" value="UTF-8"/>
    <property name="java.class.path" value="/Users/Cary/IDEAProject/study-demo/springboot/springboot-01/target/test-classes:/Users/Cary/IDEAProject/study-demo/springboot/springboot-01/target/classes:/Users/Cary/repository/org/springframework/boot/spring-boot-starter-web/2.1.5.RELEASE/spring-boot-starter-web-2.1.5.RELEASE.jar:/Users/Cary/repository/org/springframework/boot/spring-boot-starter/2.1.5.RELEASE/spring-boot-starter-2.1.5.RELEASE.jar:/Users/Cary/repository/org/springframework/boot/spring-boot/2.1.5.RELEASE/spring-boot-2.1.5.RELEASE.jar:/Users/Cary/repository/org/springframework/boot/spring-boot-autoconfigure/2.1.5.RELEASE/spring-boot-autoconfigure-2.1.5.RELEASE.jar:/Users/Cary/repository/org/springframework/boot/spring-boot-starter-logging/2.1.5.RELEASE/spring-boot-starter-logging-2.1.5.RELEASE.jar:/Users/Cary/repository/ch/qos/logback/logback-classic/1.2.3/logback-classic-1.2.3.jar:/Users/Cary/repository/ch/qos/logback/logback-core/1.2.3/logback-core-1.2.3.jar:/Users/Cary/repository/org/apache/logging/log4j/log4j-to-slf4j/2.11.2/log4j-to-slf4j-2.11.2.jar:/Users/Cary/repository/org/apache/logging/log4j/log4j-api/2.11.2/log4j-api-2.11.2.jar:/Users/Cary/repository/org/slf4j/jul-to-slf4j/1.7.26/jul-to-slf4j-1.7.26.jar:/Users/Cary/repository/javax/annotation/javax.annotation-api/1.3.2/javax.annotation-api-1.3.2.jar:/Users/Cary/repository/org/yaml/snakeyaml/1.23/snakeyaml-1.23.jar:/Users/Cary/repository/org/springframework/boot/spring-boot-starter-json/2.1.5.RELEASE/spring-boot-starter-json-2.1.5.RELEASE.jar:/Users/Cary/repository/com/fasterxml/jackson/core/jackson-databind/2.9.8/jackson-databind-2.9.8.jar:/Users/Cary/repository/com/fasterxml/jackson/core/jackson-annotations/2.9.0/jackson-annotations-2.9.0.jar:/Users/Cary/repository/com/fasterxml/jackson/core/jackson-core/2.9.8/jackson-core-2.9.8.jar:/Users/Cary/repository/com/fasterxml/jackson/datatype/jackson-datatype-jdk8/2.9.8/jackson-datatype-jdk8-2.9.8.jar:/Users/Cary/repository/com/fasterxml/jackson/datatype/jackson-datatype-jsr310/2.9.8/jackson-datatype-jsr310-2.9.8.jar:/Users/Cary/repository/com/fasterxml/jackson/module/jackson-module-parameter-names/2.9.8/jackson-module-parameter-names-2.9.8.jar:/Users/Cary/repository/org/springframework/boot/spring-boot-starter-tomcat/2.1.5.RELEASE/spring-boot-starter-tomcat-2.1.5.RELEASE.jar:/Users/Cary/repository/org/apache/tomcat/embed/tomcat-embed-core/9.0.19/tomcat-embed-core-9.0.19.jar:/Users/Cary/repository/org/apache/tomcat/embed/tomcat-embed-el/9.0.19/tomcat-embed-el-9.0.19.jar:/Users/Cary/repository/org/apache/tomcat/embed/tomcat-embed-websocket/9.0.19/tomcat-embed-websocket-9.0.19.jar:/Users/Cary/repository/org/hibernate/validator/hibernate-validator/6.0.16.Final/hibernate-validator-6.0.16.Final.jar:/Users/Cary/repository/javax/validation/validation-api/2.0.1.Final/validation-api-2.0.1.Final.jar:/Users/Cary/repository/org/jboss/logging/jboss-logging/3.3.2.Final/jboss-logging-3.3.2.Final.jar:/Users/Cary/repository/com/fasterxml/classmate/1.4.0/classmate-1.4.0.jar:/Users/Cary/repository/org/springframework/spring-web/5.1.7.RELEASE/spring-web-5.1.7.RELEASE.jar:/Users/Cary/repository/org/springframework/spring-beans/5.1.7.RELEASE/spring-beans-5.1.7.RELEASE.jar:/Users/Cary/repository/org/springframework/spring-webmvc/5.1.7.RELEASE/spring-webmvc-5.1.7.RELEASE.jar:/Users/Cary/repository/org/springframework/spring-aop/5.1.7.RELEASE/spring-aop-5.1.7.RELEASE.jar:/Users/Cary/repository/org/springframework/spring-context/5.1.7.RELEASE/spring-context-5.1.7.RELEASE.jar:/Users/Cary/repository/org/springframework/spring-expression/5.1.7.RELEASE/spring-expression-5.1.7.RELEASE.jar:/Users/Cary/repository/tk/mybatis/mapper-spring-boot-starter/2.1.5/mapper-spring-boot-starter-2.1.5.jar:/Users/Cary/repository/org/mybatis/mybatis/3.4.6/mybatis-3.4.6.jar:/Users/Cary/repository/org/mybatis/mybatis-spring/1.3.2/mybatis-spring-1.3.2.jar:/Users/Cary/repository/tk/mybatis/mapper-core/1.1.5/mapper-core-1.1.5.jar:/Users/Cary/repository/javax/persistence/persistence-api/1.0/persistence-api-1.0.jar:/Users/Cary/repository/tk/mybatis/mapper-base/1.1.5/mapper-base-1.1.5.jar:/Users/Cary/repository/tk/mybatis/mapper-weekend/1.1.5/mapper-weekend-1.1.5.jar:/Users/Cary/repository/tk/mybatis/mapper-spring/1.1.5/mapper-spring-1.1.5.jar:/Users/Cary/repository/tk/mybatis/mapper-extra/1.1.5/mapper-extra-1.1.5.jar:/Users/Cary/repository/tk/mybatis/mapper-spring-boot-autoconfigure/2.1.5/mapper-spring-boot-autoconfigure-2.1.5.jar:/Users/Cary/repository/com/alibaba/druid/1.1.6/druid-1.1.6.jar:/Users/Cary/repository/org/projectlombok/lombok/1.18.8/lombok-1.18.8.jar:/Users/Cary/repository/org/springframework/boot/spring-boot-starter-jdbc/2.1.5.RELEASE/spring-boot-starter-jdbc-2.1.5.RELEASE.jar:/Users/Cary/repository/com/zaxxer/HikariCP/3.2.0/HikariCP-3.2.0.jar:/Users/Cary/repository/org/slf4j/slf4j-api/1.7.26/slf4j-api-1.7.26.jar:/Users/Cary/repository/org/springframework/spring-jdbc/5.1.7.RELEASE/spring-jdbc-5.1.7.RELEASE.jar:/Users/Cary/repository/org/springframework/spring-tx/5.1.7.RELEASE/spring-tx-5.1.7.RELEASE.jar:/Users/Cary/repository/org/springframework/boot/spring-boot-starter-test/2.1.5.RELEASE/spring-boot-starter-test-2.1.5.RELEASE.jar:/Users/Cary/repository/org/springframework/boot/spring-boot-test/2.1.5.RELEASE/spring-boot-test-2.1.5.RELEASE.jar:/Users/Cary/repository/org/springframework/boot/spring-boot-test-autoconfigure/2.1.5.RELEASE/spring-boot-test-autoconfigure-2.1.5.RELEASE.jar:/Users/Cary/repository/com/jayway/jsonpath/json-path/2.4.0/json-path-2.4.0.jar:/Users/Cary/repository/net/minidev/json-smart/2.3/json-smart-2.3.jar:/Users/Cary/repository/net/minidev/accessors-smart/1.2/accessors-smart-1.2.jar:/Users/Cary/repository/org/ow2/asm/asm/5.0.4/asm-5.0.4.jar:/Users/Cary/repository/junit/junit/4.12/junit-4.12.jar:/Users/Cary/repository/org/assertj/assertj-core/3.11.1/assertj-core-3.11.1.jar:/Users/Cary/repository/org/mockito/mockito-core/2.23.4/mockito-core-2.23.4.jar:/Users/Cary/repository/net/bytebuddy/byte-buddy/1.9.12/byte-buddy-1.9.12.jar:/Users/Cary/repository/net/bytebuddy/byte-buddy-agent/1.9.12/byte-buddy-agent-1.9.12.jar:/Users/Cary/repository/org/objenesis/objenesis/2.6/objenesis-2.6.jar:/Users/Cary/repository/org/hamcrest/hamcrest-core/1.3/hamcrest-core-1.3.jar:/Users/Cary/repository/org/hamcrest/hamcrest-library/1.3/hamcrest-library-1.3.jar:/Users/Cary/repository/org/skyscreamer/jsonassert/1.5.0/jsonassert-1.5.0.jar:/Users/Cary/repository/com/vaadin/external/google/android-json/0.0.20131108.vaadin1/android-json-0.0.20131108.vaadin1.jar:/Users/Cary/repository/org/springframework/spring-core/5.1.7.RELEASE/spring-core-5.1.7.RELEASE.jar:/Users/Cary/repository/org/springframework/spring-jcl/5.1.7.RELEASE/spring-jcl-5.1.7.RELEASE.jar:/Users/Cary/repository/org/springframework/spring-test/5.1.7.RELEASE/spring-test-5.1.7.RELEASE.jar:/Users/Cary/repository/org/xmlunit/xmlunit-core/2.6.2/xmlunit-core-2.6.2.jar:/Users/Cary/repository/org/springframework/boot/spring-boot-starter-data-redis/2.1.5.RELEASE/spring-boot-starter-data-redis-2.1.5.RELEASE.jar:/Users/Cary/repository/org/springframework/data/spring-data-redis/2.1.8.RELEASE/spring-data-redis-2.1.8.RELEASE.jar:/Users/Cary/repository/org/springframework/data/spring-data-keyvalue/2.1.8.RELEASE/spring-data-keyvalue-2.1.8.RELEASE.jar:/Users/Cary/repository/org/springframework/data/spring-data-commons/2.1.8.RELEASE/spring-data-commons-2.1.8.RELEASE.jar:/Users/Cary/repository/org/springframework/spring-oxm/5.1.7.RELEASE/spring-oxm-5.1.7.RELEASE.jar:/Users/Cary/repository/org/springframework/spring-context-support/5.1.7.RELEASE/spring-context-support-5.1.7.RELEASE.jar:/Users/Cary/repository/io/lettuce/lettuce-core/5.1.6.RELEASE/lettuce-core-5.1.6.RELEASE.jar:/Users/Cary/repository/io/netty/netty-common/4.1.36.Final/netty-common-4.1.36.Final.jar:/Users/Cary/repository/io/netty/netty-handler/4.1.36.Final/netty-handler-4.1.36.Final.jar:/Users/Cary/repository/io/netty/netty-buffer/4.1.36.Final/netty-buffer-4.1.36.Final.jar:/Users/Cary/repository/io/netty/netty-codec/4.1.36.Final/netty-codec-4.1.36.Final.jar:/Users/Cary/repository/io/netty/netty-transport/4.1.36.Final/netty-transport-4.1.36.Final.jar:/Users/Cary/repository/io/netty/netty-resolver/4.1.36.Final/netty-resolver-4.1.36.Final.jar:/Users/Cary/repository/io/projectreactor/reactor-core/3.2.9.RELEASE/reactor-core-3.2.9.RELEASE.jar:/Users/Cary/repository/org/reactivestreams/reactive-streams/1.0.2/reactive-streams-1.0.2.jar:/Users/Cary/repository/mysql/mysql-connector-java/5.1.46/mysql-connector-java-5.1.46.jar:/Users/Cary/repository/org/springframework/boot/spring-boot-configuration-processor/2.1.5.RELEASE/spring-boot-configuration-processor-2.1.5.RELEASE.jar:"/>
    <property name="java.vm.vendor" value="Oracle Corporation"/>
    <property name="sun.arch.data.model" value="64"/>
    <property name="java.vendor.url" value="http://java.oracle.com/"/>
    <property name="user.timezone" value=""/>
    <property name="java.vm.specification.version" value="1.8"/>
    <property name="os.name" value="Mac OS X"/>
    <property name="user.country" value="CN"/>
    <property name="sun.java.launcher" value="SUN_STANDARD"/>
    <property name="sun.boot.library.path" value="/Library/Java/JavaVirtualMachines/jdk1.8.0_251.jdk/Contents/Home/jre/lib"/>
    <property name="sun.java.command" value="/Users/Cary/IDEAProject/study-demo/springboot/springboot-01/target/surefire/surefirebooter8913004867091921828.jar /Users/Cary/IDEAProject/study-demo/springboot/springboot-01/target/surefire 2020-09-23T19-29-27_472-jvmRun1 surefire2638810974449417122tmp surefire_07252357484579398726tmp"/>
    <property name="surefire.test.class.path" value="/Users/Cary/IDEAProject/study-demo/springboot/springboot-01/target/test-classes:/Users/Cary/IDEAProject/study-demo/springboot/springboot-01/target/classes:/Users/Cary/repository/org/springframework/boot/spring-boot-starter-web/2.1.5.RELEASE/spring-boot-starter-web-2.1.5.RELEASE.jar:/Users/Cary/repository/org/springframework/boot/spring-boot-starter/2.1.5.RELEASE/spring-boot-starter-2.1.5.RELEASE.jar:/Users/Cary/repository/org/springframework/boot/spring-boot/2.1.5.RELEASE/spring-boot-2.1.5.RELEASE.jar:/Users/Cary/repository/org/springframework/boot/spring-boot-autoconfigure/2.1.5.RELEASE/spring-boot-autoconfigure-2.1.5.RELEASE.jar:/Users/Cary/repository/org/springframework/boot/spring-boot-starter-logging/2.1.5.RELEASE/spring-boot-starter-logging-2.1.5.RELEASE.jar:/Users/Cary/repository/ch/qos/logback/logback-classic/1.2.3/logback-classic-1.2.3.jar:/Users/Cary/repository/ch/qos/logback/logback-core/1.2.3/logback-core-1.2.3.jar:/Users/Cary/repository/org/apache/logging/log4j/log4j-to-slf4j/2.11.2/log4j-to-slf4j-2.11.2.jar:/Users/Cary/repository/org/apache/logging/log4j/log4j-api/2.11.2/log4j-api-2.11.2.jar:/Users/Cary/repository/org/slf4j/jul-to-slf4j/1.7.26/jul-to-slf4j-1.7.26.jar:/Users/Cary/repository/javax/annotation/javax.annotation-api/1.3.2/javax.annotation-api-1.3.2.jar:/Users/Cary/repository/org/yaml/snakeyaml/1.23/snakeyaml-1.23.jar:/Users/Cary/repository/org/springframework/boot/spring-boot-starter-json/2.1.5.RELEASE/spring-boot-starter-json-2.1.5.RELEASE.jar:/Users/Cary/repository/com/fasterxml/jackson/core/jackson-databind/2.9.8/jackson-databind-2.9.8.jar:/Users/Cary/repository/com/fasterxml/jackson/core/jackson-annotations/2.9.0/jackson-annotations-2.9.0.jar:/Users/Cary/repository/com/fasterxml/jackson/core/jackson-core/2.9.8/jackson-core-2.9.8.jar:/Users/Cary/repository/com/fasterxml/jackson/datatype/jackson-datatype-jdk8/2.9.8/jackson-datatype-jdk8-2.9.8.jar:/Users/Cary/repository/com/fasterxml/jackson/datatype/jackson-datatype-jsr310/2.9.8/jackson-datatype-jsr310-2.9.8.jar:/Users/Cary/repository/com/fasterxml/jackson/module/jackson-module-parameter-names/2.9.8/jackson-module-parameter-names-2.9.8.jar:/Users/Cary/repository/org/springframework/boot/spring-boot-starter-tomcat/2.1.5.RELEASE/spring-boot-starter-tomcat-2.1.5.RELEASE.jar:/Users/Cary/repository/org/apache/tomcat/embed/tomcat-embed-core/9.0.19/tomcat-embed-core-9.0.19.jar:/Users/Cary/repository/org/apache/tomcat/embed/tomcat-embed-el/9.0.19/tomcat-embed-el-9.0.19.jar:/Users/Cary/repository/org/apache/tomcat/embed/tomcat-embed-websocket/9.0.19/tomcat-embed-websocket-9.0.19.jar:/Users/Cary/repository/org/hibernate/validator/hibernate-validator/6.0.16.Final/hibernate-validator-6.0.16.Final.jar:/Users/Cary/repository/javax/validation/validation-api/2.0.1.Final/validation-api-2.0.1.Final.jar:/Users/Cary/repository/org/jboss/logging/jboss-logging/3.3.2.Final/jboss-logging-3.3.2.Final.jar:/Users/Cary/repository/com/fasterxml/classmate/1.4.0/classmate-1.4.0.jar:/Users/Cary/repository/org/springframework/spring-web/5.1.7.RELEASE/spring-web-5.1.7.RELEASE.jar:/Users/Cary/repository/org/springframework/spring-beans/5.1.7.RELEASE/spring-beans-5.1.7.RELEASE.jar:/Users/Cary/repository/org/springframework/spring-webmvc/5.1.7.RELEASE/spring-webmvc-5.1.7.RELEASE.jar:/Users/Cary/repository/org/springframework/spring-aop/5.1.7.RELEASE/spring-aop-5.1.7.RELEASE.jar:/Users/Cary/repository/org/springframework/spring-context/5.1.7.RELEASE/spring-context-5.1.7.RELEASE.jar:/Users/Cary/repository/org/springframework/spring-expression/5.1.7.RELEASE/spring-expression-5.1.7.RELEASE.jar:/Users/Cary/repository/tk/mybatis/mapper-spring-boot-starter/2.1.5/mapper-spring-boot-starter-2.1.5.jar:/Users/Cary/repository/org/mybatis/mybatis/3.4.6/mybatis-3.4.6.jar:/Users/Cary/repository/org/mybatis/mybatis-spring/1.3.2/mybatis-spring-1.3.2.jar:/Users/Cary/repository/tk/mybatis/mapper-core/1.1.5/mapper-core-1.1.5.jar:/Users/Cary/repository/javax/persistence/persistence-api/1.0/persistence-api-1.0.jar:/Users/Cary/repository/tk/mybatis/mapper-base/1.1.5/mapper-base-1.1.5.jar:/Users/Cary/repository/tk/mybatis/mapper-weekend/1.1.5/mapper-weekend-1.1.5.jar:/Users/Cary/repository/tk/mybatis/mapper-spring/1.1.5/mapper-spring-1.1.5.jar:/Users/Cary/repository/tk/mybatis/mapper-extra/1.1.5/mapper-extra-1.1.5.jar:/Users/Cary/repository/tk/mybatis/mapper-spring-boot-autoconfigure/2.1.5/mapper-spring-boot-autoconfigure-2.1.5.jar:/Users/Cary/repository/com/alibaba/druid/1.1.6/druid-1.1.6.jar:/Users/Cary/repository/org/projectlombok/lombok/1.18.8/lombok-1.18.8.jar:/Users/Cary/repository/org/springframework/boot/spring-boot-starter-jdbc/2.1.5.RELEASE/spring-boot-starter-jdbc-2.1.5.RELEASE.jar:/Users/Cary/repository/com/zaxxer/HikariCP/3.2.0/HikariCP-3.2.0.jar:/Users/Cary/repository/org/slf4j/slf4j-api/1.7.26/slf4j-api-1.7.26.jar:/Users/Cary/repository/org/springframework/spring-jdbc/5.1.7.RELEASE/spring-jdbc-5.1.7.RELEASE.jar:/Users/Cary/repository/org/springframework/spring-tx/5.1.7.RELEASE/spring-tx-5.1.7.RELEASE.jar:/Users/Cary/repository/org/springframework/boot/spring-boot-starter-test/2.1.5.RELEASE/spring-boot-starter-test-2.1.5.RELEASE.jar:/Users/Cary/repository/org/springframework/boot/spring-boot-test/2.1.5.RELEASE/spring-boot-test-2.1.5.RELEASE.jar:/Users/Cary/repository/org/springframework/boot/spring-boot-test-autoconfigure/2.1.5.RELEASE/spring-boot-test-autoconfigure-2.1.5.RELEASE.jar:/Users/Cary/repository/com/jayway/jsonpath/json-path/2.4.0/json-path-2.4.0.jar:/Users/Cary/repository/net/minidev/json-smart/2.3/json-smart-2.3.jar:/Users/Cary/repository/net/minidev/accessors-smart/1.2/accessors-smart-1.2.jar:/Users/Cary/repository/org/ow2/asm/asm/5.0.4/asm-5.0.4.jar:/Users/Cary/repository/junit/junit/4.12/junit-4.12.jar:/Users/Cary/repository/org/assertj/assertj-core/3.11.1/assertj-core-3.11.1.jar:/Users/Cary/repository/org/mockito/mockito-core/2.23.4/mockito-core-2.23.4.jar:/Users/Cary/repository/net/bytebuddy/byte-buddy/1.9.12/byte-buddy-1.9.12.jar:/Users/Cary/repository/net/bytebuddy/byte-buddy-agent/1.9.12/byte-buddy-agent-1.9.12.jar:/Users/Cary/repository/org/objenesis/objenesis/2.6/objenesis-2.6.jar:/Users/Cary/repository/org/hamcrest/hamcrest-core/1.3/hamcrest-core-1.3.jar:/Users/Cary/repository/org/hamcrest/hamcrest-library/1.3/hamcrest-library-1.3.jar:/Users/Cary/repository/org/skyscreamer/jsonassert/1.5.0/jsonassert-1.5.0.jar:/Users/Cary/repository/com/vaadin/external/google/android-json/0.0.20131108.vaadin1/android-json-0.0.20131108.vaadin1.jar:/Users/Cary/repository/org/springframework/spring-core/5.1.7.RELEASE/spring-core-5.1.7.RELEASE.jar:/Users/Cary/repository/org/springframework/spring-jcl/5.1.7.RELEASE/spring-jcl-5.1.7.RELEASE.jar:/Users/Cary/repository/org/springframework/spring-test/5.1.7.RELEASE/spring-test-5.1.7.RELEASE.jar:/Users/Cary/repository/org/xmlunit/xmlunit-core/2.6.2/xmlunit-core-2.6.2.jar:/Users/Cary/repository/org/springframework/boot/spring-boot-starter-data-redis/2.1.5.RELEASE/spring-boot-starter-data-redis-2.1.5.RELEASE.jar:/Users/Cary/repository/org/springframework/data/spring-data-redis/2.1.8.RELEASE/spring-data-redis-2.1.8.RELEASE.jar:/Users/Cary/repository/org/springframework/data/spring-data-keyvalue/2.1.8.RELEASE/spring-data-keyvalue-2.1.8.RELEASE.jar:/Users/Cary/repository/org/springframework/data/spring-data-commons/2.1.8.RELEASE/spring-data-commons-2.1.8.RELEASE.jar:/Users/Cary/repository/org/springframework/spring-oxm/5.1.7.RELEASE/spring-oxm-5.1.7.RELEASE.jar:/Users/Cary/repository/org/springframework/spring-context-support/5.1.7.RELEASE/spring-context-support-5.1.7.RELEASE.jar:/Users/Cary/repository/io/lettuce/lettuce-core/5.1.6.RELEASE/lettuce-core-5.1.6.RELEASE.jar:/Users/Cary/repository/io/netty/netty-common/4.1.36.Final/netty-common-4.1.36.Final.jar:/Users/Cary/repository/io/netty/netty-handler/4.1.36.Final/netty-handler-4.1.36.Final.jar:/Users/Cary/repository/io/netty/netty-buffer/4.1.36.Final/netty-buffer-4.1.36.Final.jar:/Users/Cary/repository/io/netty/netty-codec/4.1.36.Final/netty-codec-4.1.36.Final.jar:/Users/Cary/repository/io/netty/netty-transport/4.1.36.Final/netty-transport-4.1.36.Final.jar:/Users/Cary/repository/io/netty/netty-resolver/4.1.36.Final/netty-resolver-4.1.36.Final.jar:/Users/Cary/repository/io/projectreactor/reactor-core/3.2.9.RELEASE/reactor-core-3.2.9.RELEASE.jar:/Users/Cary/repository/org/reactivestreams/reactive-streams/1.0.2/reactive-streams-1.0.2.jar:/Users/Cary/repository/mysql/mysql-connector-java/5.1.46/mysql-connector-java-5.1.46.jar:/Users/Cary/repository/org/springframework/boot/spring-boot-configuration-processor/2.1.5.RELEASE/spring-boot-configuration-processor-2.1.5.RELEASE.jar:"/>
    <property name="sun.cpu.endian" value="little"/>
    <property name="user.home" value="/Users/Cary"/>
    <property name="user.language" value="zh"/>
    <property name="java.specification.vendor" value="Oracle Corporation"/>
    <property name="java.home" value="/Library/Java/JavaVirtualMachines/jdk1.8.0_251.jdk/Contents/Home/jre"/>
    <property name="basedir" value="/Users/Cary/IDEAProject/study-demo/springboot/springboot-01"/>
    <property name="file.separator" value="/"/>
    <property name="line.separator" value="&#10;"/>
    <property name="java.vm.specification.vendor" value="Oracle Corporation"/>
    <property name="java.specification.name" value="Java Platform API Specification"/>
    <property name="java.awt.graphicsenv" value="sun.awt.CGraphicsEnvironment"/>
    <property name="surefire.real.class.path" value="/Users/Cary/IDEAProject/study-demo/springboot/springboot-01/target/surefire/surefirebooter8913004867091921828.jar"/>
    <property name="sun.boot.class.path" value="/Library/Java/JavaVirtualMachines/jdk1.8.0_251.jdk/Contents/Home/jre/lib/resources.jar:/Library/Java/JavaVirtualMachines/jdk1.8.0_251.jdk/Contents/Home/jre/lib/rt.jar:/Library/Java/JavaVirtualMachines/jdk1.8.0_251.jdk/Contents/Home/jre/lib/sunrsasign.jar:/Library/Java/JavaVirtualMachines/jdk1.8.0_251.jdk/Contents/Home/jre/lib/jsse.jar:/Library/Java/JavaVirtualMachines/jdk1.8.0_251.jdk/Contents/Home/jre/lib/jce.jar:/Library/Java/JavaVirtualMachines/jdk1.8.0_251.jdk/Contents/Home/jre/lib/charsets.jar:/Library/Java/JavaVirtualMachines/jdk1.8.0_251.jdk/Contents/Home/jre/lib/jfr.jar:/Library/Java/JavaVirtualMachines/jdk1.8.0_251.jdk/Contents/Home/jre/classes"/>
    <property name="sun.management.compiler" value="HotSpot 64-Bit Tiered Compilers"/>
    <property name="java.runtime.version" value="1.8.0_251-b08"/>
    <property name="user.name" value="chenglongliu"/>
    <property name="path.separator" value=":"/>
    <property name="os.version" value="10.14.6"/>
    <property name="java.endorsed.dirs" value="/Library/Java/JavaVirtualMachines/jdk1.8.0_251.jdk/Contents/Home/jre/lib/endorsed"/>
    <property name="java.runtime.name" value="Java(TM) SE Runtime Environment"/>
    <property name="file.encoding" value="UTF-8"/>
    <property name="java.vm.name" value="Java HotSpot(TM) 64-Bit Server VM"/>
    <property name="localRepository" value="/Users/Cary/repository"/>
    <property name="java.vendor.url.bug" value="http://bugreport.sun.com/bugreport/"/>
    <property name="java.io.tmpdir" value="/var/folders/6s/bfbdpjbd7zj7j2mf_z81753m0000gn/T/"/>
    <property name="idea.version" value="2020.2.2"/>
    <property name="java.version" value="1.8.0_251"/>
    <property name="user.dir" value="/Users/Cary/IDEAProject/study-demo/springboot/springboot-01"/>
    <property name="os.arch" value="x86_64"/>
    <property name="java.vm.specification.name" value="Java Virtual Machine Specification"/>
    <property name="java.awt.printerjob" value="sun.lwawt.macosx.CPrinterJob"/>
    <property name="sun.os.patch.level" value="unknown"/>
    <property name="java.library.path" value="/Users/Cary/Library/Java/Extensions:/Library/Java/Extensions:/Network/Library/Java/Extensions:/System/Library/Java/Extensions:/usr/lib/java:."/>
    <property name="java.vm.info" value="mixed mode"/>
    <property name="java.vendor" value="Oracle Corporation"/>
    <property name="java.vm.version" value="25.251-b08"/>
    <property name="java.ext.dirs" value="/Users/Cary/Library/Java/Extensions:/Library/Java/JavaVirtualMachines/jdk1.8.0_251.jdk/Contents/Home/jre/lib/ext:/Library/Java/Extensions:/Network/Library/Java/Extensions:/System/Library/Java/Extensions:/usr/lib/java"/>
    <property name="sun.io.unicode.encoding" value="UnicodeBig"/>
    <property name="maven.repo.local" value="/Users/Cary/repository"/>
    <property name="java.class.version" value="52.0"/>
  </properties>
  <testcase name="test01" classname="online.goudan.test.UserServiceTest" time="0.685">
    <error message="&#10;### Error updating database.  Cause: com.mysql.jdbc.exceptions.jdbc4.MySQLIntegrityConstraintViolationException: Duplicate entry &apos;test&apos; for key &apos;username&apos;&#10;### The error may involve online.goudan.mapper.TbUserMapper.insertSelective-Inline&#10;### The error occurred while setting parameters&#10;### SQL: INSERT INTO tb_user  ( id,user_name,password,name,age,sex,created ) VALUES( ?,?,?,?,?,?,? )&#10;### Cause: com.mysql.jdbc.exceptions.jdbc4.MySQLIntegrityConstraintViolationException: Duplicate entry &apos;test&apos; for key &apos;username&apos;&#10;; Duplicate entry &apos;test&apos; for key &apos;username&apos;; nested exception is com.mysql.jdbc.exceptions.jdbc4.MySQLIntegrityConstraintViolationException: Duplicate entry &apos;test&apos; for key &apos;username&apos;" type="org.springframework.dao.DuplicateKeyException">org.springframework.dao.DuplicateKeyException: 

### Error updating database.  Cause: com.mysql.jdbc.exceptions.jdbc4.MySQLIntegrityConstraintViolationException: Duplicate entry 'test' for key 'username'
### The error may involve online.goudan.mapper.TbUserMapper.insertSelective-Inline
### The error occurred while setting parameters
### SQL: INSERT INTO tb_user  ( id,user_name,password,name,age,sex,created ) VALUES( ?,?,?,?,?,?,? )
### Cause: com.mysql.jdbc.exceptions.jdbc4.MySQLIntegrityConstraintViolationException: Duplicate entry 'test' for key 'username'
; Duplicate entry 'test' for key 'username'; nested exception is com.mysql.jdbc.exceptions.jdbc4.MySQLIntegrityConstraintViolationException: Duplicate entry 'test' for key 'username'
	at online.goudan.test.UserServiceTest.test01(UserServiceTest.java:38)
Caused by: com.mysql.jdbc.exceptions.jdbc4.MySQLIntegrityConstraintViolationException: Duplicate entry 'test' for key 'username'
	at online.goudan.test.UserServiceTest.test01(UserServiceTest.java:38)
</error>
    <system-out><![CDATA[2020-09-23 19:29:31.667  INFO 14135 --- [           main] .b.t.c.SpringBootTestContextBootstrapper : Neither @ContextConfiguration nor @ContextHierarchy found for test class [online.goudan.test.UserServiceTest], using SpringBootContextLoader
2020-09-23 19:29:31.667  INFO 14135 --- [           main] o.s.t.c.support.AbstractContextLoader    : Could not detect default resource locations for test class [online.goudan.test.UserServiceTest]: no resource found for suffixes {-context.xml, Context.groovy}.
2020-09-23 19:29:31.668  INFO 14135 --- [           main] t.c.s.AnnotationConfigContextLoaderUtils : Could not detect default configuration classes for test class [online.goudan.test.UserServiceTest]: UserServiceTest does not declare any static, non-private, non-final, nested classes annotated with @Configuration.
2020-09-23 19:29:31.669  INFO 14135 --- [           main] .b.t.c.SpringBootTestContextBootstrapper : Found @SpringBootConfiguration online.goudan.Application for test class online.goudan.test.UserServiceTest
2020-09-23 19:29:31.670  INFO 14135 --- [           main] .b.t.c.SpringBootTestContextBootstrapper : Loaded default TestExecutionListener class names from location [META-INF/spring.factories]: [org.springframework.boot.test.mock.mockito.MockitoTestExecutionListener, org.springframework.boot.test.mock.mockito.ResetMocksTestExecutionListener, org.springframework.boot.test.autoconfigure.restdocs.RestDocsTestExecutionListener, org.springframework.boot.test.autoconfigure.web.client.MockRestServiceServerResetTestExecutionListener, org.springframework.boot.test.autoconfigure.web.servlet.MockMvcPrintOnlyOnFailureTestExecutionListener, org.springframework.boot.test.autoconfigure.web.servlet.WebDriverTestExecutionListener, org.springframework.test.context.web.ServletTestExecutionListener, org.springframework.test.context.support.DirtiesContextBeforeModesTestExecutionListener, org.springframework.test.context.support.DependencyInjectionTestExecutionListener, org.springframework.test.context.support.DirtiesContextTestExecutionListener, org.springframework.test.context.transaction.TransactionalTestExecutionListener, org.springframework.test.context.jdbc.SqlScriptsTestExecutionListener]
2020-09-23 19:29:31.671  INFO 14135 --- [           main] .b.t.c.SpringBootTestContextBootstrapper : Using TestExecutionListeners: [org.springframework.test.context.web.ServletTestExecutionListener@93501be, org.springframework.test.context.support.DirtiesContextBeforeModesTestExecutionListener@11d4d979, org.springframework.boot.test.mock.mockito.MockitoTestExecutionListener@195580ba, org.springframework.boot.test.autoconfigure.SpringBootDependencyInjectionTestExecutionListener@3c25cfe1, org.springframework.test.context.support.DirtiesContextTestExecutionListener@1d3c112a, org.springframework.test.context.transaction.TransactionalTestExecutionListener@2a140ce5, org.springframework.test.context.jdbc.SqlScriptsTestExecutionListener@1f71194d, org.springframework.boot.test.mock.mockito.ResetMocksTestExecutionListener@db99785, org.springframework.boot.test.autoconfigure.restdocs.RestDocsTestExecutionListener@70716259, org.springframework.boot.test.autoconfigure.web.client.MockRestServiceServerResetTestExecutionListener@7a083b96, org.springframework.boot.test.autoconfigure.web.servlet.MockMvcPrintOnlyOnFailureTestExecutionListener@6da4feeb, org.springframework.boot.test.autoconfigure.web.servlet.WebDriverTestExecutionListener@2c604965]
2020-09-23 19:29:31.679  INFO 14135 --- [           main] com.zaxxer.hikari.HikariDataSource       : HikariPool-1 - Starting...
2020-09-23 19:29:32.231  INFO 14135 --- [           main] com.zaxxer.hikari.HikariDataSource       : HikariPool-1 - Start completed.
Creating a new SqlSession
Registering transaction synchronization for SqlSession [org.apache.ibatis.session.defaults.DefaultSqlSession@77a0dd63]
JDBC Connection [HikariProxyConnection@2117938877 wrapping com.mysql.jdbc.JDBC4Connection@2b43f314] will be managed by Spring
==>  Preparing: INSERT INTO tb_user ( id,user_name,password,name,age,sex,created ) VALUES( ?,?,?,?,?,?,? ) 
==> Parameters: null, test(String), 123456(String), test(String), 31(Integer), 2(Integer), 2020-09-23 19:29:31.674(Timestamp)
Releasing transactional SqlSession [org.apache.ibatis.session.defaults.DefaultSqlSession@77a0dd63]
Transaction synchronization deregistering SqlSession [org.apache.ibatis.session.defaults.DefaultSqlSession@77a0dd63]
Transaction synchronization closing SqlSession [org.apache.ibatis.session.defaults.DefaultSqlSession@77a0dd63]
]]></system-out>
    <system-err><![CDATA[Wed Sep 23 19:29:31 CST 2020 WARN: Establishing SSL connection without server's identity verification is not recommended. According to MySQL 5.5.45+, 5.6.26+ and 5.7.6+ requirements SSL connection must be established by default if explicit option isn't set. For compliance with existing applications not using SSL the verifyServerCertificate property is set to 'false'. You need either to explicitly disable SSL by setting useSSL=false, or set useSSL=true and provide truststore for server certificate verification.
Wed Sep 23 19:29:32 CST 2020 WARN: Establishing SSL connection without server's identity verification is not recommended. According to MySQL 5.5.45+, 5.6.26+ and 5.7.6+ requirements SSL connection must be established by default if explicit option isn't set. For compliance with existing applications not using SSL the verifyServerCertificate property is set to 'false'. You need either to explicitly disable SSL by setting useSSL=false, or set useSSL=true and provide truststore for server certificate verification.
Wed Sep 23 19:29:32 CST 2020 WARN: Establishing SSL connection without server's identity verification is not recommended. According to MySQL 5.5.45+, 5.6.26+ and 5.7.6+ requirements SSL connection must be established by default if explicit option isn't set. For compliance with existing applications not using SSL the verifyServerCertificate property is set to 'false'. You need either to explicitly disable SSL by setting useSSL=false, or set useSSL=true and provide truststore for server certificate verification.
Wed Sep 23 19:29:32 CST 2020 WARN: Establishing SSL connection without server's identity verification is not recommended. According to MySQL 5.5.45+, 5.6.26+ and 5.7.6+ requirements SSL connection must be established by default if explicit option isn't set. For compliance with existing applications not using SSL the verifyServerCertificate property is set to 'false'. You need either to explicitly disable SSL by setting useSSL=false, or set useSSL=true and provide truststore for server certificate verification.
]]></system-err>
  </testcase>
  <testcase name="test02" classname="online.goudan.test.UserServiceTest" time="0.022"/>
</testsuite>